<?xml version="1.0" encoding="UTF-8"?>
<testng-results ignored="0" total="1" passed="1" failed="0" skipped="0">
  <reporter-output>
  </reporter-output>
  <suite started-at="2020-07-09T22:27:01 MSK" name="AuntenticationClientTest" finished-at="2020-07-09T22:27:07 MSK" duration-ms="5597">
    <groups>
    </groups>
    <test started-at="2020-07-09T22:27:01 MSK" name="Command line test" finished-at="2020-07-09T22:27:07 MSK" duration-ms="5597">
      <class name="AuntenticationClientTest">
        <test-method signature="signUp()[pri:0, instance:AuntenticationClientTest@6cc0bcf6]" started-at="2020-07-09T22:27:01 MSK" name="signUp" finished-at="2020-07-09T22:27:07 MSK" duration-ms="5516" status="PASS">
          <reporter-output>
          </reporter-output>
        </test-method> <!-- signUp -->
      </class> <!-- AuntenticationClientTest -->
    </test> <!-- Command line test -->
  </suite> <!-- AuntenticationClientTest -->
</testng-results>
